#
# A fatal error has been detected by the Java Runtime Environment:
#
#  EXCEPTION_ACCESS_VIOLATION (0xc0000005) at pc=0x00007ffe3dbc283a, pid=5300, tid=1064
#
# JRE version: Java(TM) SE Runtime Environment (8.0_66-b18) (build 1.8.0_66-b18)
# Java VM: Java HotSpot(TM) 64-Bit Server VM (25.66-b18 mixed mode windows-amd64 compressed oops)
# Problematic frame:
# C  [ig8icd64.dll+0x73283a]
#
# Failed to write core dump. Minidumps are not enabled by default on client versions of Windows
#
# If you would like to submit a bug report, please visit:
#   http://bugreport.java.com/bugreport/crash.jsp
# The crash happened outside the Java Virtual Machine in native code.
# See problematic frame for where to report the bug.
#

---------------  T H R E A D  ---------------

Current thread (0x0000000002380800):  JavaThread "main" [_thread_in_native, id=1064, stack(0x0000000002280000,0x0000000002380000)]

siginfo: ExceptionCode=0xc0000005, reading address 0x0000000000000000

Registers:
RAX=0x000000005da01748, RBX=0x0000000000000008, RCX=0x0000000000000000, RDX=0x000000000237d880
RSP=0x000000000237d550, RBP=0x000000000237d880, RSI=0x000000005d9ff2e0, RDI=0x0000000000000010
R8 =0x0000000000000007, R9 =0x0000000000000001, R10=0x00000000000001b0, R11=0x0000000000000000
R12=0x0000000000000004, R13=0x000000005da013b8, R14=0x000000005da013f0, R15=0x000000005d9ff260
RIP=0x00007ffe3dbc283a, EFLAGS=0x0000000000010283

Top of Stack: (sp=0x000000000237d550)
0x000000000237d550:   000000005d9ff3c0 0000000000000006
0x000000000237d560:   000000005d9ff2c0 0000000000000000
0x000000000237d570:   000000000237d609 00007ffe3dbc30f3
0x000000000237d580:   0000000000000000 000000005da013f0
0x000000000237d590:   0000000000000000 000000000237d880
0x000000000237d5a0:   0000000000000000 000000000237d660
0x000000000237d5b0:   0000000000000000 00007ffe3dbc29de
0x000000000237d5c0:   0000000000000020 00007ffe00000004
0x000000000237d5d0:   0000000000000004 0000000000000010
0x000000000237d5e0:   000000005da01380 000000000237d880
0x000000000237d5f0:   0000000000001000 00007ffe3d49bbc3
0x000000000237d600:   000000000237d880 00007ffe3db64069
0x000000000237d610:   000000005d9fe880 00007ffe3dbca615
0x000000000237d620:   0000000000000030 00007ffe3db6d26e
0x000000000237d630:   fffffffffffffffe 0000000000000000
0x000000000237d640:   0000000000000000 0000000000000000 

Instructions: (pc=0x00007ffe3dbc283a)
0x00007ffe3dbc281a:   32 ff ff ff 4c 8b 6c 24 70 eb 3e 48 85 ff 7e 39
0x00007ffe3dbc282a:   49 8b f7 0f 1f 00 49 8b 06 48 8b d5 48 8b 0c d8
0x00007ffe3dbc283a:   48 8b 01 ff 50 10 83 bd d8 00 00 00 00 75 2e 48
0x00007ffe3dbc284a:   8b 85 98 00 00 00 48 ff c3 48 83 c6 10 0f 10 00 


Register to memory mapping:

RAX=0x000000005da01748 is an unknown value
RBX=0x0000000000000008 is an unknown value
RCX=0x0000000000000000 is an unknown value
RDX=0x000000000237d880 is pointing into the stack for thread: 0x0000000002380800
RSP=0x000000000237d550 is pointing into the stack for thread: 0x0000000002380800
RBP=0x000000000237d880 is pointing into the stack for thread: 0x0000000002380800
RSI=0x000000005d9ff2e0 is an unknown value
RDI=0x0000000000000010 is an unknown value
R8 =0x0000000000000007 is an unknown value
R9 =0x0000000000000001 is an unknown value
R10=0x00000000000001b0 is an unknown value
R11=0x0000000000000000 is an unknown value
R12=0x0000000000000004 is an unknown value
R13=0x000000005da013b8 is an unknown value
R14=0x000000005da013f0 is an unknown value
R15=0x000000005d9ff260 is an unknown value


Stack: [0x0000000002280000,0x0000000002380000],  sp=0x000000000237d550,  free space=1013k
Native frames: (J=compiled Java code, j=interpreted, Vv=VM code, C=native code)
C  [ig8icd64.dll+0x73283a]
C  [ig8icd64.dll+0x7329de]
C  [ig8icd64.dll+0x6d4069]
C  [ig8icd64.dll+0x732d00]
C  [ig8icd64.dll+0x6d4203]
C  [ig8icd64.dll+0x6d40be]
C  [ig8icd64.dll+0x73338c]
C  [ig8icd64.dll+0x7374b8]
C  [ig8icd64.dll+0x6d4069]
C  [ig8icd64.dll+0x731026]
C  [ig8icd64.dll+0x7315a4]
C  [ig8icd64.dll+0x731d6d]
C  [ig8icd64.dll+0x6fffa4]
C  [ig8icd64.dll+0x17bdeb]
C  [ig8icd64.dll+0x17c503]
C  [ig8icd64.dll+0x17c6bf]
C  0x0000000002495e34

Java frames: (J=compiled Java code, j=interpreted, Vv=VM code)
j  org.lwjgl.system.JNI.callIV(JI)V+0
j  org.lwjgl.opengl.GL20.glLinkProgram(I)V+9
j  ShaderProgram.link()V+4
j  Main.init()V+162
j  Main.start()V+3
j  Main.main([Ljava/lang/String;)V+7
v  ~StubRoutines::call_stub

---------------  P R O C E S S  ---------------

Java Threads: ( => current thread )
  0x000000001702e800 JavaThread "Service Thread" daemon [_thread_blocked, id=3036, stack(0x0000000018d00000,0x0000000018e00000)]
  0x0000000016ffb800 JavaThread "C1 CompilerThread2" daemon [_thread_blocked, id=7388, stack(0x0000000018800000,0x0000000018900000)]
  0x0000000016fd8800 JavaThread "C2 CompilerThread1" daemon [_thread_blocked, id=8024, stack(0x0000000018700000,0x0000000018800000)]
  0x0000000016fcb800 JavaThread "C2 CompilerThread0" daemon [_thread_blocked, id=7088, stack(0x0000000018600000,0x0000000018700000)]
  0x0000000016fca000 JavaThread "Attach Listener" daemon [_thread_blocked, id=3052, stack(0x0000000018500000,0x0000000018600000)]
  0x0000000016fc8800 JavaThread "Signal Dispatcher" daemon [_thread_blocked, id=3788, stack(0x0000000018400000,0x0000000018500000)]
  0x0000000002475800 JavaThread "Finalizer" daemon [_thread_blocked, id=6432, stack(0x0000000018220000,0x0000000018320000)]
  0x0000000016f99800 JavaThread "Reference Handler" daemon [_thread_blocked, id=2448, stack(0x0000000018120000,0x0000000018220000)]
=>0x0000000002380800 JavaThread "main" [_thread_in_native, id=1064, stack(0x0000000002280000,0x0000000002380000)]

Other Threads:
  0x0000000016f97000 VMThread [stack: 0x0000000018020000,0x0000000018120000] [id=3860]
  0x0000000018936800 WatcherThread [stack: 0x0000000018e00000,0x0000000018f00000] [id=6408]

VM state:not at safepoint (normal execution)

VM Mutex/Monitor currently owned by a thread: None

Heap:
 PSYoungGen      total 38400K, used 12441K [0x00000000d5d80000, 0x00000000d8800000, 0x0000000100000000)
  eden space 33280K, 37% used [0x00000000d5d80000,0x00000000d69a6670,0x00000000d7e00000)
  from space 5120K, 0% used [0x00000000d8300000,0x00000000d8300000,0x00000000d8800000)
  to   space 5120K, 0% used [0x00000000d7e00000,0x00000000d7e00000,0x00000000d8300000)
 ParOldGen       total 87552K, used 0K [0x0000000081800000, 0x0000000086d80000, 0x00000000d5d80000)
  object space 87552K, 0% used [0x0000000081800000,0x0000000081800000,0x0000000086d80000)
 Metaspace       used 6927K, capacity 8280K, committed 8576K, reserved 1056768K
  class space    used 524K, capacity 584K, committed 640K, reserved 1048576K

Card table byte_map: [0x0000000011840000,0x0000000011c40000] byte_map_base: 0x0000000011434000

Marking Bits: (ParMarkBitMap*) 0x000000007683a5b0
 Begin Bits: [0x00000000122f0000, 0x0000000014290000)
 End Bits:   [0x0000000014290000, 0x0000000016230000)

Polling page: 0x0000000000540000

CodeCache: size=245760Kb used=1936Kb max_used=1936Kb free=243823Kb
 bounds [0x0000000002480000, 0x00000000026f0000, 0x0000000011480000]
 total_blobs=932 nmethods=286 adapters=559
 compilation: enabled

Compilation events (10 events):
Event: 0.461 Thread 0x0000000016ffb800  282       3       java.lang.String::toLowerCase (439 bytes)
Event: 0.463 Thread 0x0000000016fcb800  284       4       java.lang.String::getChars (62 bytes)
Event: 0.464 Thread 0x0000000016ffb800 nmethod 282 0x000000000265e990 code [0x000000000265ecc0, 0x0000000002660518]
Event: 0.464 Thread 0x0000000016ffb800  283       1       sun.nio.cs.SingleByte$Decoder::decode (11 bytes)
Event: 0.464 Thread 0x0000000016ffb800 nmethod 283 0x000000000265a950 code [0x000000000265aaa0, 0x000000000265abd0]
Event: 0.464 Thread 0x0000000016ffb800  285       3       java.net.URLClassLoader::defineClass (142 bytes)
Event: 0.465 Thread 0x0000000016fcb800 nmethod 284 0x000000000265a510 code [0x000000000265a660, 0x000000000265a7d8]
Event: 0.465 Thread 0x0000000016ffb800 nmethod 285 0x0000000002664150 code [0x00000000026644c0, 0x0000000002666798]
Event: 0.465 Thread 0x0000000016ffb800  286       3       sun.misc.MetaIndex::mayContain (51 bytes)
Event: 0.466 Thread 0x0000000016ffb800 nmethod 286 0x0000000002659a50 code [0x0000000002659c00, 0x000000000265a278]

GC Heap History (0 events):
No events

Deoptimization events (1 events):
Event: 0.457 Thread 0x0000000002380800 Uncommon trap: reason=unstable_if action=reinterpret pc=0x0000000002658c44 method=sun.misc.MetaIndex.mayContain(Ljava/lang/String;)Z @ 13

Internal exceptions (6 events):
Event: 0.030 Thread 0x0000000002380800 Exception <a 'java/lang/NoSuchMethodError': Method sun.misc.Unsafe.defineClass(Ljava/lang/String;[BII)Ljava/lang/Class; name or signature does not match> (0x00000000d5d8cef8) thrown at [C:\re\workspace\8-2-build-windows-amd64-cygwin\jdk8u66\5298\hotspot\srUÙExL¬ž?
Event: 0.030 Thread 0x0000000002380800 Exception <a 'java/lang/NoSuchMethodError': Method sun.misc.Unsafe.prefetchRead(Ljava/lang/Object;J)V name or signature does not match> (0x00000000d5d8d1e0) thrown at [C:\re\workspace\8-2-build-windows-amd64-cygwin\jdk8u66\5298\hotspot\src\share\vm\prims\j|ä5 IJÝ?
Event: 0.458 Thread 0x0000000002380800 Exception <a 'java/security/PrivilegedActionException'> (0x00000000d696af00) thrown at [C:\re\workspace\8-2-build-windows-amd64-cygwin\jdk8u66\5298\hotspot\src\share\vm\prims\jvm.cpp, line 1386]
Event: 0.458 Thread 0x0000000002380800 Exception <a 'java/security/PrivilegedActionException'> (0x00000000d696b110) thrown at [C:\re\workspace\8-2-build-windows-amd64-cygwin\jdk8u66\5298\hotspot\src\share\vm\prims\jvm.cpp, line 1386]
Event: 0.462 Thread 0x0000000002380800 Exception <a 'java/security/PrivilegedActionException'> (0x00000000d696ecb8) thrown at [C:\re\workspace\8-2-build-windows-amd64-cygwin\jdk8u66\5298\hotspot\src\share\vm\prims\jvm.cpp, line 1386]
Event: 0.462 Thread 0x0000000002380800 Exception <a 'java/security/PrivilegedActionException'> (0x00000000d696eec8) thrown at [C:\re\workspace\8-2-build-windows-amd64-cygwin\jdk8u66\5298\hotspot\src\share\vm\prims\jvm.cpp, line 1386]

Events (10 events):
Event: 0.463 loading class sun/net/ProgressMeteringPolicy done
Event: 0.463 loading class sun/net/DefaultProgressMeteringPolicy done
Event: 0.463 loading class java/net/JarURLConnection
Event: 0.463 loading class java/net/JarURLConnection done
Event: 0.464 loading class org/lwjgl/system/MemoryUtil$BufferAllocator
Event: 0.464 loading class org/lwjgl/system/MemoryUtil$BufferAllocator done
Event: 0.464 loading class org/lwjgl/system/MemoryUtil$BufferAllocator$1
Event: 0.464 loading class org/lwjgl/system/MemoryUtil$BufferAllocator$1 done
Event: 0.464 loading class org/lwjgl/system/MemoryUtil$BufferAllocator$2
Event: 0.464 loading class org/lwjgl/system/MemoryUtil$BufferAllocator$2 done


Dynamic libraries:
0x00007ff621490000 - 0x00007ff6214c7000 	C:\Program Files\Java\jre1.8.0_66\bin\javaw.exe
0x00007ffe68a70000 - 0x00007ffe68c31000 	C:\Windows\SYSTEM32\ntdll.dll
0x00007ffe66840000 - 0x00007ffe668ed000 	C:\Windows\system32\KERNEL32.DLL
0x00007ffe65870000 - 0x00007ffe65a4d000 	C:\Windows\system32\KERNELBASE.dll
0x00007ffe66790000 - 0x00007ffe66836000 	C:\Windows\system32\ADVAPI32.dll
0x00007ffe66c90000 - 0x00007ffe66d2d000 	C:\Windows\system32\msvcrt.dll
0x00007ffe66730000 - 0x00007ffe6678b000 	C:\Windows\system32\sechost.dll
0x00007ffe685e0000 - 0x00007ffe68706000 	C:\Windows\system32\RPCRT4.dll
0x00007ffe68710000 - 0x00007ffe6885e000 	C:\Windows\system32\USER32.dll
0x00007ffe68440000 - 0x00007ffe685c6000 	C:\Windows\system32\GDI32.dll
0x00007ffe57cd0000 - 0x00007ffe57f44000 	C:\Windows\WinSxS\amd64_microsoft.windows.common-controls_6595b64144ccf1df_6.0.10240.16384_none_f41f7b285750ef43\COMCTL32.dll
0x00007ffe66df0000 - 0x00007ffe66e26000 	C:\Windows\system32\IMM32.DLL
0x00007ffe66ad0000 - 0x00007ffe66c2c000 	C:\Windows\system32\MSCTF.dll
0x0000000075d90000 - 0x0000000075e62000 	C:\Program Files\Java\jre1.8.0_66\bin\msvcr100.dll
0x0000000076030000 - 0x00000000768b9000 	C:\Program Files\Java\jre1.8.0_66\bin\server\jvm.dll
0x00007ffe66de0000 - 0x00007ffe66de8000 	C:\Windows\system32\PSAPI.DLL
0x00007ffe63c60000 - 0x00007ffe63c69000 	C:\Windows\SYSTEM32\WSOCK32.dll
0x00007ffe5e340000 - 0x00007ffe5e34a000 	C:\Windows\SYSTEM32\VERSION.dll
0x00007ffe63b70000 - 0x00007ffe63b93000 	C:\Windows\SYSTEM32\WINMM.dll
0x00007ffe663b0000 - 0x00007ffe66419000 	C:\Windows\system32\WS2_32.dll
0x00007ffe685d0000 - 0x00007ffe685d8000 	C:\Windows\system32\NSI.dll
0x00007ffe63b40000 - 0x00007ffe63b6c000 	C:\Windows\SYSTEM32\WINMMBASE.dll
0x00007ffe65540000 - 0x00007ffe65584000 	C:\Windows\system32\cfgmgr32.dll
0x00007ffe63e10000 - 0x00007ffe63e37000 	C:\Windows\SYSTEM32\DEVOBJ.dll
0x0000000075f40000 - 0x0000000075f4f000 	C:\Program Files\Java\jre1.8.0_66\bin\verify.dll
0x0000000075f10000 - 0x0000000075f39000 	C:\Program Files\Java\jre1.8.0_66\bin\java.dll
0x0000000075ef0000 - 0x0000000075f06000 	C:\Program Files\Java\jre1.8.0_66\bin\zip.dll
0x00007ffe66e30000 - 0x00007ffe68352000 	C:\Windows\system32\SHELL32.dll
0x00007ffe65a50000 - 0x00007ffe66078000 	C:\Windows\system32\windows.storage.dll
0x00007ffe66420000 - 0x00007ffe6669c000 	C:\Windows\system32\combase.dll
0x00007ffe688c0000 - 0x00007ffe68911000 	C:\Windows\system32\shlwapi.dll
0x00007ffe65530000 - 0x00007ffe6553f000 	C:\Windows\system32\kernel.appcore.dll
0x00007ffe66080000 - 0x00007ffe66133000 	C:\Windows\system32\shcore.dll
0x00007ffe654e0000 - 0x00007ffe6552a000 	C:\Windows\system32\powrprof.dll
0x00007ffe654c0000 - 0x00007ffe654d3000 	C:\Windows\system32\profapi.dll
0x00007ffe5ac10000 - 0x00007ffe5ac98000 	C:\Users\JamesHahn\Downloads\lwjgl\native\lwjgl.dll
0x00007ffe64e60000 - 0x00007ffe64e6b000 	C:\Windows\SYSTEM32\CRYPTBASE.DLL
0x00007ffe65260000 - 0x00007ffe652cb000 	C:\Windows\SYSTEM32\bcryptPrimitives.dll
0x00007ffe55f80000 - 0x00007ffe55fc2000 	C:\Users\JamesHahn\Downloads\lwjgl\native\jemalloc.dll
0x00007ffe4b2a0000 - 0x00007ffe4b2d8000 	C:\Users\JamesHahn\Downloads\lwjgl\native\glfw.dll
0x00007ffe63d70000 - 0x00007ffe63e06000 	C:\Windows\system32\uxtheme.dll
0x00007ffe62950000 - 0x00007ffe62972000 	C:\Windows\SYSTEM32\dwmapi.dll
0x00007ffe54d60000 - 0x00007ffe54e88000 	C:\Windows\SYSTEM32\opengl32.dll
0x00007ffe54cf0000 - 0x00007ffe54d1e000 	C:\Windows\SYSTEM32\GLU32.dll
0x00007ffe54bf0000 - 0x00007ffe54ce6000 	C:\Windows\SYSTEM32\DDRAW.dll
0x00007ffe54b70000 - 0x00007ffe54b78000 	C:\Windows\SYSTEM32\DCIMAN32.dll
0x00007ffe3d490000 - 0x00007ffe3e141000 	C:\Windows\SYSTEM32\ig8icd64.dll
0x00007ffe63750000 - 0x00007ffe63763000 	C:\Windows\SYSTEM32\WTSAPI32.dll
0x00007ffe600a0000 - 0x00007ffe60aa2000 	C:\Windows\SYSTEM32\igdusc64.dll
0x00007ffe4c0d0000 - 0x00007ffe4c25a000 	C:\Windows\SYSTEM32\dbghelp.dll

VM Arguments:
jvm_args: -Djava.library.path=C:\Users\JamesHahn\Downloads\lwjgl\native -Dfile.encoding=Cp1252 
java_command: Main
java_class_path (initial): C:\Users\JamesHahn\Desktop\Eclipse projects\LWJGL\bin;C:\Users\JamesHahn\Downloads\lwjgl\jar\lwjgl.jar
Launcher Type: SUN_STANDARD

Environment Variables:
PATH=C:/Program Files/Java/jre1.8.0_66/bin/server;C:/Program Files/Java/jre1.8.0_66/bin;C:/Program Files/Java/jre1.8.0_66/lib/amd64;C:\ProgramData\Oracle\Java\javapath;C:\Program Files\Java\jdk1.8.0_60\bin;C:\Program Files (x86)\Intel\iCLS Client\;C:\Program Files\Intel\iCLS Client\;C:\Windows\system32;C:\Windows;C:\Windows\System32\Wbem;C:\Windows\System32\WindowsPowerShell\v1.0\;C:\Program Files (x86)\Skype\Phone\;C:\Users\JamesHahn\AppData\Local\atom\bin;C:\Users\JamesHahn\Downloads\eclipse-java-mars-1-win32-x86_64\eclipse;
USERNAME=JamesHahn
OS=Windows_NT
PROCESSOR_IDENTIFIER=Intel64 Family 6 Model 61 Stepping 4, GenuineIntel



---------------  S Y S T E M  ---------------

OS: Windows 10.0 , 64 bit Build 10240 (10.0.10240.16384)

CPU:total 4 (2 cores per cpu, 2 threads per core) family 6 model 61 stepping 4, cmov, cx8, fxsr, mmx, sse, sse2, sse3, ssse3, sse4.1, sse4.2, popcnt, avx, avx2, aes, clmul, erms, 3dnowpref, lzcnt, ht, tsc, tscinvbit, bmi1, bmi2, adx

Memory: 4k page, physical 8288684k(4185940k free), swap 11172268k(4772204k free)

vm_info: Java HotSpot(TM) 64-Bit Server VM (25.66-b18) for windows-amd64 JRE (1.8.0_66-b18), built on Nov  9 2015 10:51:13 by "java_re" with MS VC++ 10.0 (VS2010)

time: Sat Dec 26 16:40:02 2015
elapsed time: 0 seconds (0d 0h 0m 0s)

