#
# A fatal error has been detected by the Java Runtime Environment:
#
#  EXCEPTION_ACCESS_VIOLATION (0xc0000005) at pc=0x00007ffe3d98283a, pid=6712, tid=3256
#
# JRE version: Java(TM) SE Runtime Environment (8.0_66-b18) (build 1.8.0_66-b18)
# Java VM: Java HotSpot(TM) 64-Bit Server VM (25.66-b18 mixed mode windows-amd64 compressed oops)
# Problematic frame:
# C  [ig8icd64.dll+0x73283a]
#
# Failed to write core dump. Minidumps are not enabled by default on client versions of Windows
#
# If you would like to submit a bug report, please visit:
#   http://bugreport.java.com/bugreport/crash.jsp
# The crash happened outside the Java Virtual Machine in native code.
# See problematic frame for where to report the bug.
#

---------------  T H R E A D  ---------------

Current thread (0x0000000002040800):  JavaThread "main" [_thread_in_native, id=3256, stack(0x0000000001f40000,0x0000000002040000)]

siginfo: ExceptionCode=0xc0000005, reading address 0x0000000000000000

Registers:
RAX=0x000000005d7207c0, RBX=0x000000000000000a, RCX=0x0000000000000000, RDX=0x000000000203d670
RSP=0x000000000203d340, RBP=0x000000000203d670, RSI=0x000000005d719348, RDI=0x0000000000000010
R8 =0x0000000000000007, R9 =0x0000000000000001, R10=0x0000000000000238, R11=0x0000000000000000
R12=0x0000000000000004, R13=0x000000005d7203a8, R14=0x000000005d7203e0, R15=0x000000005d7192a8
RIP=0x00007ffe3d98283a, EFLAGS=0x0000000000010287

Top of Stack: (sp=0x000000000203d340)
0x000000000203d340:   000000005d7193e8 0000000000000004
0x000000000203d350:   000000005d7192e8 0000000000000003
0x000000000203d360:   000000000203d3f9 00007ffe3d9830f3
0x000000000203d370:   0000000000000000 000000005d7203e0
0x000000000203d380:   0000000000000000 000000000203d670
0x000000000203d390:   0000000000000000 000000000203d450
0x000000000203d3a0:   0000000000000000 00007ffe3d9829de
0x000000000203d3b0:   000000005d71d2b8 0000000000000004
0x000000000203d3c0:   0000000000000004 ffffffff00000010
0x000000000203d3d0:   000000005d720370 000000000203d670
0x000000000203d3e0:   0000000000000000 000000000000000f
0x000000000203d3f0:   000000000203d670 00007ffe3d924069
0x000000000203d400:   000000005d71f950 00007ffe3d98a615
0x000000000203d410:   000000000000000f 00007ffe3d92d26e
0x000000000203d420:   fffffffffffffffe 0000000000000000
0x000000000203d430:   0000000000000000 0000000000000000 

Instructions: (pc=0x00007ffe3d98283a)
0x00007ffe3d98281a:   32 ff ff ff 4c 8b 6c 24 70 eb 3e 48 85 ff 7e 39
0x00007ffe3d98282a:   49 8b f7 0f 1f 00 49 8b 06 48 8b d5 48 8b 0c d8
0x00007ffe3d98283a:   48 8b 01 ff 50 10 83 bd d8 00 00 00 00 75 2e 48
0x00007ffe3d98284a:   8b 85 98 00 00 00 48 ff c3 48 83 c6 10 0f 10 00 


Register to memory mapping:

RAX=0x000000005d7207c0 is an unknown value
RBX=0x000000000000000a is an unknown value
RCX=0x0000000000000000 is an unknown value
RDX=0x000000000203d670 is pointing into the stack for thread: 0x0000000002040800
RSP=0x000000000203d340 is pointing into the stack for thread: 0x0000000002040800
RBP=0x000000000203d670 is pointing into the stack for thread: 0x0000000002040800
RSI=0x000000005d719348 is an unknown value
RDI=0x0000000000000010 is an unknown value
R8 =0x0000000000000007 is an unknown value
R9 =0x0000000000000001 is an unknown value
R10=0x0000000000000238 is an unknown value
R11=0x0000000000000000 is an unknown value
R12=0x0000000000000004 is an unknown value
R13=0x000000005d7203a8 is an unknown value
R14=0x000000005d7203e0 is an unknown value
R15=0x000000005d7192a8 is an unknown value


Stack: [0x0000000001f40000,0x0000000002040000],  sp=0x000000000203d340,  free space=1012k
Native frames: (J=compiled Java code, j=interpreted, Vv=VM code, C=native code)
C  [ig8icd64.dll+0x73283a]
C  [ig8icd64.dll+0x7329de]
C  [ig8icd64.dll+0x6d4069]
C  [ig8icd64.dll+0x732d00]
C  [ig8icd64.dll+0x6d4203]
C  [ig8icd64.dll+0x6d40be]
C  [ig8icd64.dll+0x73338c]
C  [ig8icd64.dll+0x7374b8]
C  [ig8icd64.dll+0x6d4069]
C  [ig8icd64.dll+0x731026]
C  [ig8icd64.dll+0x7315a4]
C  [ig8icd64.dll+0x731d6d]
C  [ig8icd64.dll+0x6fffa4]
C  [ig8icd64.dll+0x17bdeb]
C  [ig8icd64.dll+0x17c503]
C  [ig8icd64.dll+0x17c6bf]
C  0x0000000002155e34

Java frames: (J=compiled Java code, j=interpreted, Vv=VM code)
j  org.lwjgl.system.JNI.callIV(JI)V+0
j  org.lwjgl.opengl.GL20.glLinkProgram(I)V+9
j  ShaderProgram.link()V+4
j  Main.init()V+170
j  Main.start()V+3
j  Main.main([Ljava/lang/String;)V+7
v  ~StubRoutines::call_stub

---------------  P R O C E S S  ---------------

Java Threads: ( => current thread )
  0x0000000016cee800 JavaThread "Service Thread" daemon [_thread_blocked, id=5256, stack(0x00000000189c0000,0x0000000018ac0000)]
  0x0000000016c9e000 JavaThread "C1 CompilerThread2" daemon [_thread_blocked, id=7396, stack(0x00000000184c0000,0x00000000185c0000)]
  0x0000000016c8f000 JavaThread "C2 CompilerThread1" daemon [_thread_blocked, id=952, stack(0x00000000183c0000,0x00000000184c0000)]
  0x0000000016c8b800 JavaThread "C2 CompilerThread0" daemon [_thread_blocked, id=7248, stack(0x00000000182c0000,0x00000000183c0000)]
  0x0000000016c8a000 JavaThread "Attach Listener" daemon [_thread_blocked, id=7924, stack(0x00000000181c0000,0x00000000182c0000)]
  0x0000000016c89000 JavaThread "Signal Dispatcher" daemon [_thread_blocked, id=636, stack(0x00000000180c0000,0x00000000181c0000)]
  0x0000000002135800 JavaThread "Finalizer" daemon [_thread_blocked, id=7684, stack(0x0000000017ee0000,0x0000000017fe0000)]
  0x0000000016c59800 JavaThread "Reference Handler" daemon [_thread_blocked, id=7920, stack(0x0000000017de0000,0x0000000017ee0000)]
=>0x0000000002040800 JavaThread "main" [_thread_in_native, id=3256, stack(0x0000000001f40000,0x0000000002040000)]

Other Threads:
  0x0000000016c57000 VMThread [stack: 0x0000000017ce0000,0x0000000017de0000] [id=7296]
  0x00000000185e4000 WatcherThread [stack: 0x0000000018ac0000,0x0000000018bc0000] [id=2820]

VM state:not at safepoint (normal execution)

VM Mutex/Monitor currently owned by a thread: None

Heap:
 PSYoungGen      total 38400K, used 12441K [0x00000000d5d80000, 0x00000000d8800000, 0x0000000100000000)
  eden space 33280K, 37% used [0x00000000d5d80000,0x00000000d69a6670,0x00000000d7e00000)
  from space 5120K, 0% used [0x00000000d8300000,0x00000000d8300000,0x00000000d8800000)
  to   space 5120K, 0% used [0x00000000d7e00000,0x00000000d7e00000,0x00000000d8300000)
 ParOldGen       total 87552K, used 0K [0x0000000081800000, 0x0000000086d80000, 0x00000000d5d80000)
  object space 87552K, 0% used [0x0000000081800000,0x0000000081800000,0x0000000086d80000)
 Metaspace       used 6925K, capacity 8280K, committed 8576K, reserved 1056768K
  class space    used 524K, capacity 584K, committed 640K, reserved 1048576K

Card table byte_map: [0x0000000011500000,0x0000000011900000] byte_map_base: 0x00000000110f4000

Marking Bits: (ParMarkBitMap*) 0x000000007683a5b0
 Begin Bits: [0x0000000011fb0000, 0x0000000013f50000)
 End Bits:   [0x0000000013f50000, 0x0000000015ef0000)

Polling page: 0x0000000000260000

CodeCache: size=245760Kb used=1931Kb max_used=1943Kb free=243828Kb
 bounds [0x0000000002140000, 0x00000000023b0000, 0x0000000011140000]
 total_blobs=920 nmethods=274 adapters=559
 compilation: enabled

Compilation events (10 events):
Event: 0.458 Thread 0x0000000016c9e000  270       1       java.io.File::getPath (5 bytes)
Event: 0.458 Thread 0x0000000016c9e000 nmethod 270 0x000000000231dc90 code [0x000000000231dde0, 0x000000000231def0]
Event: 0.459 Thread 0x0000000016c9e000  271       3       java.lang.String::toLowerCase (439 bytes)
Event: 0.459 Thread 0x0000000016c8f000  273       4       java.lang.String::getChars (62 bytes)
Event: 0.460 Thread 0x0000000016c9e000 nmethod 271 0x0000000002321590 code [0x00000000023218c0, 0x0000000002323118]
Event: 0.460 Thread 0x0000000016c9e000  272       1       sun.nio.cs.SingleByte$Decoder::decode (11 bytes)
Event: 0.460 Thread 0x0000000016c9e000 nmethod 272 0x000000000231d950 code [0x000000000231daa0, 0x000000000231dbd0]
Event: 0.460 Thread 0x0000000016c9e000  274       3       sun.misc.MetaIndex::mayContain (51 bytes)
Event: 0.460 Thread 0x0000000016c9e000 nmethod 274 0x000000000231ce90 code [0x000000000231d040, 0x000000000231d6b8]
Event: 0.461 Thread 0x0000000016c8f000 nmethod 273 0x000000000231ca50 code [0x000000000231cba0, 0x000000000231cd18]

GC Heap History (0 events):
No events

Deoptimization events (1 events):
Event: 0.458 Thread 0x0000000002040800 Uncommon trap: reason=unstable_if action=reinterpret pc=0x000000000231bc84 method=sun.misc.MetaIndex.mayContain(Ljava/lang/String;)Z @ 13

Internal exceptions (6 events):
Event: 0.038 Thread 0x0000000002040800 Exception <a 'java/lang/NoSuchMethodError': Method sun.misc.Unsafe.defineClass(Ljava/lang/String;[BII)Ljava/lang/Class; name or signature does not match> (0x00000000d5d8cdc0) thrown at [C:\re\workspace\8-2-build-windows-amd64-cygwin\jdk8u66\5298\hotspot\sr‚ù×ÔE¢£?
Event: 0.038 Thread 0x0000000002040800 Exception <a 'java/lang/NoSuchMethodError': Method sun.misc.Unsafe.prefetchRead(Ljava/lang/Object;J)V name or signature does not match> (0x00000000d5d8d0a8) thrown at [C:\re\workspace\8-2-build-windows-amd64-cygwin\jdk8u66\5298\hotspot\src\share\vm\prims\jž…ežHSÝ?
Event: 0.458 Thread 0x0000000002040800 Exception <a 'java/security/PrivilegedActionException'> (0x00000000d696af80) thrown at [C:\re\workspace\8-2-build-windows-amd64-cygwin\jdk8u66\5298\hotspot\src\share\vm\prims\jvm.cpp, line 1386]
Event: 0.458 Thread 0x0000000002040800 Exception <a 'java/security/PrivilegedActionException'> (0x00000000d696b190) thrown at [C:\re\workspace\8-2-build-windows-amd64-cygwin\jdk8u66\5298\hotspot\src\share\vm\prims\jvm.cpp, line 1386]
Event: 0.459 Thread 0x0000000002040800 Exception <a 'java/security/PrivilegedActionException'> (0x00000000d696ed38) thrown at [C:\re\workspace\8-2-build-windows-amd64-cygwin\jdk8u66\5298\hotspot\src\share\vm\prims\jvm.cpp, line 1386]
Event: 0.459 Thread 0x0000000002040800 Exception <a 'java/security/PrivilegedActionException'> (0x00000000d696ef48) thrown at [C:\re\workspace\8-2-build-windows-amd64-cygwin\jdk8u66\5298\hotspot\src\share\vm\prims\jvm.cpp, line 1386]

Events (10 events):
Event: 0.459 loading class sun/net/ProgressMeteringPolicy done
Event: 0.459 loading class sun/net/DefaultProgressMeteringPolicy done
Event: 0.459 loading class java/net/JarURLConnection
Event: 0.459 loading class java/net/JarURLConnection done
Event: 0.460 loading class org/lwjgl/system/MemoryUtil$BufferAllocator
Event: 0.460 loading class org/lwjgl/system/MemoryUtil$BufferAllocator done
Event: 0.460 loading class org/lwjgl/system/MemoryUtil$BufferAllocator$1
Event: 0.460 loading class org/lwjgl/system/MemoryUtil$BufferAllocator$1 done
Event: 0.460 loading class org/lwjgl/system/MemoryUtil$BufferAllocator$2
Event: 0.460 loading class org/lwjgl/system/MemoryUtil$BufferAllocator$2 done


Dynamic libraries:
0x00007ff621490000 - 0x00007ff6214c7000 	C:\Program Files\Java\jre1.8.0_66\bin\javaw.exe
0x00007ffe68a70000 - 0x00007ffe68c31000 	C:\Windows\SYSTEM32\ntdll.dll
0x00007ffe66840000 - 0x00007ffe668ed000 	C:\Windows\system32\KERNEL32.DLL
0x00007ffe65870000 - 0x00007ffe65a4d000 	C:\Windows\system32\KERNELBASE.dll
0x00007ffe66790000 - 0x00007ffe66836000 	C:\Windows\system32\ADVAPI32.dll
0x00007ffe66c90000 - 0x00007ffe66d2d000 	C:\Windows\system32\msvcrt.dll
0x00007ffe66730000 - 0x00007ffe6678b000 	C:\Windows\system32\sechost.dll
0x00007ffe685e0000 - 0x00007ffe68706000 	C:\Windows\system32\RPCRT4.dll
0x00007ffe68710000 - 0x00007ffe6885e000 	C:\Windows\system32\USER32.dll
0x00007ffe68440000 - 0x00007ffe685c6000 	C:\Windows\system32\GDI32.dll
0x00007ffe57cd0000 - 0x00007ffe57f44000 	C:\Windows\WinSxS\amd64_microsoft.windows.common-controls_6595b64144ccf1df_6.0.10240.16384_none_f41f7b285750ef43\COMCTL32.dll
0x00007ffe66df0000 - 0x00007ffe66e26000 	C:\Windows\system32\IMM32.DLL
0x00007ffe66ad0000 - 0x00007ffe66c2c000 	C:\Windows\system32\MSCTF.dll
0x0000000075d90000 - 0x0000000075e62000 	C:\Program Files\Java\jre1.8.0_66\bin\msvcr100.dll
0x0000000076030000 - 0x00000000768b9000 	C:\Program Files\Java\jre1.8.0_66\bin\server\jvm.dll
0x00007ffe66de0000 - 0x00007ffe66de8000 	C:\Windows\system32\PSAPI.DLL
0x00007ffe63c60000 - 0x00007ffe63c69000 	C:\Windows\SYSTEM32\WSOCK32.dll
0x00007ffe63b70000 - 0x00007ffe63b93000 	C:\Windows\SYSTEM32\WINMM.dll
0x00007ffe5e340000 - 0x00007ffe5e34a000 	C:\Windows\SYSTEM32\VERSION.dll
0x00007ffe663b0000 - 0x00007ffe66419000 	C:\Windows\system32\WS2_32.dll
0x00007ffe685d0000 - 0x00007ffe685d8000 	C:\Windows\system32\NSI.dll
0x00007ffe63b40000 - 0x00007ffe63b6c000 	C:\Windows\SYSTEM32\WINMMBASE.dll
0x00007ffe65540000 - 0x00007ffe65584000 	C:\Windows\system32\cfgmgr32.dll
0x00007ffe63e10000 - 0x00007ffe63e37000 	C:\Windows\SYSTEM32\DEVOBJ.dll
0x0000000075f40000 - 0x0000000075f4f000 	C:\Program Files\Java\jre1.8.0_66\bin\verify.dll
0x0000000075f10000 - 0x0000000075f39000 	C:\Program Files\Java\jre1.8.0_66\bin\java.dll
0x0000000075ef0000 - 0x0000000075f06000 	C:\Program Files\Java\jre1.8.0_66\bin\zip.dll
0x00007ffe66e30000 - 0x00007ffe68352000 	C:\Windows\system32\SHELL32.dll
0x00007ffe65a50000 - 0x00007ffe66078000 	C:\Windows\system32\windows.storage.dll
0x00007ffe66420000 - 0x00007ffe6669c000 	C:\Windows\system32\combase.dll
0x00007ffe688c0000 - 0x00007ffe68911000 	C:\Windows\system32\shlwapi.dll
0x00007ffe65530000 - 0x00007ffe6553f000 	C:\Windows\system32\kernel.appcore.dll
0x00007ffe66080000 - 0x00007ffe66133000 	C:\Windows\system32\shcore.dll
0x00007ffe654e0000 - 0x00007ffe6552a000 	C:\Windows\system32\powrprof.dll
0x00007ffe654c0000 - 0x00007ffe654d3000 	C:\Windows\system32\profapi.dll
0x00007ffe465b0000 - 0x00007ffe46638000 	C:\Users\JamesHahn\Downloads\lwjgl\native\lwjgl.dll
0x00007ffe64e60000 - 0x00007ffe64e6b000 	C:\Windows\SYSTEM32\CRYPTBASE.DLL
0x00007ffe65260000 - 0x00007ffe652cb000 	C:\Windows\SYSTEM32\bcryptPrimitives.dll
0x00007ffe5ac00000 - 0x00007ffe5ac42000 	C:\Users\JamesHahn\Downloads\lwjgl\native\jemalloc.dll
0x00007ffe55f90000 - 0x00007ffe55fc8000 	C:\Users\JamesHahn\Downloads\lwjgl\native\glfw.dll
0x00007ffe63d70000 - 0x00007ffe63e06000 	C:\Windows\system32\uxtheme.dll
0x00007ffe62950000 - 0x00007ffe62972000 	C:\Windows\SYSTEM32\dwmapi.dll
0x00007ffe54d60000 - 0x00007ffe54e88000 	C:\Windows\SYSTEM32\opengl32.dll
0x00007ffe54cf0000 - 0x00007ffe54d1e000 	C:\Windows\SYSTEM32\GLU32.dll
0x00007ffe54bf0000 - 0x00007ffe54ce6000 	C:\Windows\SYSTEM32\DDRAW.dll
0x00007ffe54b70000 - 0x00007ffe54b78000 	C:\Windows\SYSTEM32\DCIMAN32.dll
0x00007ffe3d250000 - 0x00007ffe3df01000 	C:\Windows\SYSTEM32\ig8icd64.dll
0x00007ffe63750000 - 0x00007ffe63763000 	C:\Windows\SYSTEM32\WTSAPI32.dll
0x00007ffe600a0000 - 0x00007ffe60aa2000 	C:\Windows\SYSTEM32\igdusc64.dll
0x00007ffe4c0d0000 - 0x00007ffe4c25a000 	C:\Windows\SYSTEM32\dbghelp.dll

VM Arguments:
jvm_args: -Djava.library.path=C:\Users\JamesHahn\Downloads\lwjgl\native -Dfile.encoding=Cp1252 
java_command: Main
java_class_path (initial): C:\Users\JamesHahn\Desktop\Eclipse projects\LWJGL\bin;C:\Users\JamesHahn\Downloads\lwjgl\jar\lwjgl.jar
Launcher Type: SUN_STANDARD

Environment Variables:
PATH=C:/Program Files/Java/jre1.8.0_66/bin/server;C:/Program Files/Java/jre1.8.0_66/bin;C:/Program Files/Java/jre1.8.0_66/lib/amd64;C:\ProgramData\Oracle\Java\javapath;C:\Program Files\Java\jdk1.8.0_60\bin;C:\Program Files (x86)\Intel\iCLS Client\;C:\Program Files\Intel\iCLS Client\;C:\Windows\system32;C:\Windows;C:\Windows\System32\Wbem;C:\Windows\System32\WindowsPowerShell\v1.0\;C:\Program Files (x86)\Skype\Phone\;C:\Users\JamesHahn\AppData\Local\atom\bin;C:\Users\JamesHahn\Downloads\eclipse-java-mars-1-win32-x86_64\eclipse;
USERNAME=JamesHahn
OS=Windows_NT
PROCESSOR_IDENTIFIER=Intel64 Family 6 Model 61 Stepping 4, GenuineIntel



---------------  S Y S T E M  ---------------

OS: Windows 10.0 , 64 bit Build 10240 (10.0.10240.16384)

CPU:total 4 (2 cores per cpu, 2 threads per core) family 6 model 61 stepping 4, cmov, cx8, fxsr, mmx, sse, sse2, sse3, ssse3, sse4.1, sse4.2, popcnt, avx, avx2, aes, clmul, erms, 3dnowpref, lzcnt, ht, tsc, tscinvbit, bmi1, bmi2, adx

Memory: 4k page, physical 8288684k(3660924k free), swap 11172268k(4326324k free)

vm_info: Java HotSpot(TM) 64-Bit Server VM (25.66-b18) for windows-amd64 JRE (1.8.0_66-b18), built on Nov  9 2015 10:51:13 by "java_re" with MS VC++ 10.0 (VS2010)

time: Sat Dec 26 17:07:13 2015
elapsed time: 0 seconds (0d 0h 0m 0s)

